<?xml version="1.0" encoding="UTF-8"?>
<!-- Generated by org.testng.reporters.JUnitReportReporter -->
<testsuite hostname="DESKTOP-QNHJ5Q7" failures="0" tests="4" name="CrossbrowserTesting.HRMLoginCrossBrowser" time="15.837" errors="0" timestamp="2022-07-05T22:23:09 PDT" skipped="0">
  <testcase classname="CrossbrowserTesting.HRMLoginCrossBrowser" name="loginTest" time="3.980"/>
  <system-out/>
  <testcase classname="CrossbrowserTesting.HRMLoginCrossBrowser" name="logoutTest" time="3.937"/>
  <system-out/>
  <testcase classname="CrossbrowserTesting.HRMLoginCrossBrowser" name="logoutTest" time="3.938"/>
  <system-out/>
  <testcase classname="CrossbrowserTesting.HRMLoginCrossBrowser" name="loginTest" time="3.982"/>
  <system-out/>
</testsuite> <!-- CrossbrowserTesting.HRMLoginCrossBrowser -->
