<?xml version="1.0" encoding="UTF-8"?>
<!-- Generated by org.testng.reporters.JUnitReportReporter -->
<testsuite hostname="DESKTOP-QNHJ5Q7" failures="0" tests="5" name="CrossbrowserTesting.HRMLogin" time="0.018" errors="0" timestamp="2022-07-05T20:39:28 PDT" skipped="0">
  <testcase classname="CrossbrowserTesting.HRMLogin" name="serchproduct" time="0.006"/>
  <system-out/>
  <testcase classname="CrossbrowserTesting.HRMLogin" name="loginTest" time="0.004"/>
  <system-out/>
  <testcase classname="CrossbrowserTesting.HRMLogin" name="payment" time="0.002"/>
  <system-out/>
  <testcase classname="CrossbrowserTesting.HRMLogin" name="cancleOrder" time="0.003"/>
  <system-out/>
  <testcase classname="CrossbrowserTesting.HRMLogin" name="logoutTest" time="0.003"/>
  <system-out/>
</testsuite> <!-- CrossbrowserTesting.HRMLogin -->
