<?xml version="1.0" encoding="UTF-8"?>
<!-- Generated by org.testng.reporters.JUnitReportReporter -->
<testsuite hostname="DESKTOP-QNHJ5Q7" failures="0" tests="1" name="SeleniumAutomation.HRMLogin2_refactor" time="7.463" errors="0" timestamp="2022-07-05T22:17:24 PDT" skipped="0">
  <testcase classname="SeleniumAutomation.HRMLogin2_refactor" name="verifyLogin" time="7.463"/>
  <system-out/>
</testsuite> <!-- SeleniumAutomation.HRMLogin2_refactor -->
