<?xml version="1.0" encoding="UTF-8"?>
<!-- Generated by org.testng.reporters.JUnitReportReporter -->
<testsuite hostname="DESKTOP-QNHJ5Q7" failures="0" tests="1" name="webDriverManager.GoogleSearch" time="10.881" errors="0" timestamp="2022-07-04T21:16:51 PDT" skipped="0">
  <testcase classname="webDriverManager.GoogleSearch" name="googleTest" time="10.881"/>
  <system-out/>
</testsuite> <!-- webDriverManager.GoogleSearch -->
