<?xml version="1.0" encoding="UTF-8"?>
<!-- Generated by org.testng.reporters.JUnitReportReporter -->
<testsuite hostname="DESKTOP-QNHJ5Q7" failures="0" tests="1" name="webDriverManager.AdminDemo" time="9.039" errors="0" timestamp="2022-07-04T21:47:49 PDT" skipped="0">
  <testcase classname="webDriverManager.AdminDemo" name="admindemoTest" time="9.039"/>
  <system-out/>
</testsuite> <!-- webDriverManager.AdminDemo -->
