<?xml version="1.0" encoding="UTF-8"?>
<!-- Generated by org.testng.reporters.JUnitReportReporter -->
<testsuite hostname="DESKTOP-QNHJ5Q7" failures="0" tests="1" name="SeleniumAutomation.HRMLogin" time="14.329" errors="0" timestamp="2022-07-03T21:41:43 PDT" skipped="0">
  <testcase classname="SeleniumAutomation.HRMLogin" name="verifyLogin" time="14.329"/>
  <system-out/>
</testsuite> <!-- SeleniumAutomation.HRMLogin -->
