<?xml version="1.0" encoding="UTF-8"?>
<!-- Generated by org.testng.reporters.JUnitReportReporter -->
<testsuite hostname="DESKTOP-QNHJ5Q7" failures="0" tests="1" name="SeleniumAutomation.GoogleSearch" time="9.017" errors="0" timestamp="2022-07-05T22:23:09 PDT" skipped="0">
  <testcase classname="SeleniumAutomation.GoogleSearch" name="googleTest" time="9.017"/>
  <system-out/>
</testsuite> <!-- SeleniumAutomation.GoogleSearch -->
